[0mCompiling "target/js/compiled/huginn.js" from ["src" "test"]...[0m
[36m----  Compiler Warning on   src/huginn/core.cljs   line:13  column:10  ----[0m

  [1mWrong number of args (1) passed to huginn.mqtt/init-client[0m

  [36m11[0m  [36m(defn -main [][0m
  [36m12[0m  [36m  (println "starting huginn")[0m
  [33m13[0m  [1m  (def c (mqtt/init-client config/default-options)))[0m
  [0m  [0m  [33m         ^--- Wrong number of args (1) passed to huginn.mqtt/init-client[0m

[36m----  Compiler Warning : Please see src/huginn/core.cljs  ----[0m
[32mSuccessfully compiled "target/js/compiled/huginn.js" in 0.467 seconds.[0m
notifying browser that file changed:  target/js/compiled/dev/goog/deps.js
notifying browser that file changed:  target/js/compiled/dev/cljs_deps.js
notifying browser that file changed:  target/js/compiled/dev/huginn/core.js
[0mCompiling "target/js/compiled/huginn.js" from ["src"]...[0m
[32mSuccessfully compiled "target/js/compiled/huginn.js" in 0.665 seconds.[0m
notifying browser that file changed:  target/js/compiled/dev/goog/deps.js
notifying browser that file changed:  target/js/compiled/dev/cljs_deps.js
notifying browser that file changed:  target/js/compiled/dev/huginn/mqtt.js
[0mCompiling "target/js/compiled/huginn.js" from ["src"]...[0m
[32mSuccessfully compiled "target/js/compiled/huginn.js" in 0.757 seconds.[0m
notifying browser that file changed:  target/js/compiled/dev/cljs_deps.js
notifying browser that file changed:  target/js/compiled/dev/huginn/mqtt.js
[0mCompiling "target/js/compiled/huginn.js" from ["src"]...[0m
[32mSuccessfully compiled "target/js/compiled/huginn.js" in 0.98 seconds.[0m
notifying browser that file changed:  target/js/compiled/dev/goog/deps.js
notifying browser that file changed:  target/js/compiled/dev/cljs_deps.js
notifying browser that file changed:  target/js/compiled/dev/huginn/mqtt.js
[0mCompiling "target/js/compiled/huginn.js" from ["src"]...[0m
[32mSuccessfully compiled "target/js/compiled/huginn.js" in 23.468 seconds.[0m
notifying browser that file changed:  target/js/compiled/dev/cljs_deps.js
notifying browser that file changed:  target/js/compiled/dev/huginn/mqtt.js
[0mCompiling "target/js/compiled/huginn.js" from ["src"]...[0m
[32mSuccessfully compiled "target/js/compiled/huginn.js" in 0.785 seconds.[0m
notifying browser that file changed:  target/js/compiled/dev/cljs_deps.js
notifying browser that file changed:  target/js/compiled/dev/huginn/mqtt.js
[0mCompiling "target/js/compiled/huginn.js" from ["src"]...[0m
[32mSuccessfully compiled "target/js/compiled/huginn.js" in 15.821 seconds.[0m
notifying browser that file changed:  target/js/compiled/dev/goog/deps.js
notifying browser that file changed:  target/js/compiled/dev/cljs_deps.js
notifying browser that file changed:  target/js/compiled/dev/huginn/mqtt.js
[0mCompiling "target/js/compiled/huginn.js" from ["src"]...[0m
[32mSuccessfully compiled "target/js/compiled/huginn.js" in 23.722 seconds.[0m
notifying browser that file changed:  target/js/compiled/dev/cljs_deps.js
notifying browser that file changed:  target/js/compiled/dev/huginn/mqtt.js
[0mCompiling "target/js/compiled/huginn.js" from ["src"]...[0m
[32mSuccessfully compiled "target/js/compiled/huginn.js" in 0.362 seconds.[0m
notifying browser that file changed:  target/js/compiled/dev/cljs_deps.js
notifying browser that file changed:  target/js/compiled/dev/huginn/mqtt.js
[0mCompiling "target/js/compiled/huginn.js" from ["src"]...[0m
[32mSuccessfully compiled "target/js/compiled/huginn.js" in 24.906 seconds.[0m
notifying browser that file changed:  target/js/compiled/dev/cljs_deps.js
notifying browser that file changed:  target/js/compiled/dev/huginn/core.js
[0mCompiling "target/js/compiled/huginn.js" from ["src"]...[0m
[32mSuccessfully compiled "target/js/compiled/huginn.js" in 0.326 seconds.[0m
notifying browser that file changed:  target/js/compiled/dev/cljs_deps.js
notifying browser that file changed:  target/js/compiled/dev/huginn/core.js
[0mCompiling "target/js/compiled/huginn.js" from ["src"]...[0m
[32mSuccessfully compiled "target/js/compiled/huginn.js" in 25.023 seconds.[0m
notifying browser that file changed:  target/js/compiled/dev/cljs_deps.js
notifying browser that file changed:  target/js/compiled/dev/huginn/core.js
[0mCompiling "target/js/compiled/huginn.js" from ["src"]...[0m
[31mFailed to compile "target/js/compiled/huginn.js" in 0.009 seconds.[0m
[36m----  Could not Analyze  src/huginn/core.cljs   line:1  column:1  ----[0m

  [1mOnly [lib.ns :only (names)] and optionally `:rename {from to}` specs supported in :use / :use-macros; offending spec: [cljs.nodejscli] at line 1 src/huginn/core.cljs[0m

  [33m1[0m  [1m(ns huginn.core[0m
  [0m [0m  [33m^--- Only [lib.ns :only (names)] and optionally `:rename {from to}` specs supported in :use / :use-macros; offending spec: [cljs.nodejscli] at line 1 src/huginn/core.cljs[0m
  [36m2[0m  [36m  (:use [cljs.nodejscli])[0m
  [36m3[0m  [36m  (:require[0m
  [36m4[0m  [36m   [huginn.config :as config][0m

[36m----  Analysis Error : Please see src/huginn/core.cljs  ----[0m
[0mCompiling "target/js/compiled/huginn.js" from ["src"]...[0m
[31mFailed to compile "target/js/compiled/huginn.js" in 28.634 seconds.[0m
[36m----  Could not Analyze  src/huginn/core.cljs   line:1  column:1  ----[0m

  [1mDon't know how to create ISeq from: clojure.lang.Symbol[0m

  [33m1[0m  [1m(ns huginn.core[0m
  [0m [0m  [33m^--- Don't know how to create ISeq from: clojure.lang.Symbol[0m
  [36m2[0m  [36m  (:use cljs.nodejscli)[0m
  [36m3[0m  [36m  (:require[0m
  [36m4[0m  [36m   [huginn.config :as config][0m

[36m----  Analysis Error : Please see src/huginn/core.cljs  ----[0m
[0mCompiling "target/js/compiled/huginn.js" from ["src"]...[0m
[36m----  Compiler Warning on   src/huginn/core.cljs   line:16  column:6  ----[0m

  [1mUse of undeclared Var huginn.core/p[0m

  [36m13[0m  [36m(defn -main [][0m
  [36m14[0m  [36m  (println "starting huginn")[0m
  [36m15[0m  [36m  (let [system (mqtt/system-function config/default-options)][0m
  [33m16[0m  [1m    (p)[0m
  [0m  [0m  [33m     ^--- Use of undeclared Var huginn.core/p[0m
  [36m17[0m  [36m    (while true)))[0m
  [36m18[0m  [36m[0m
  [36m19[0m  [36m[0m
  [36m20[0m  [36m(-main)[0m

[36m----  Compiler Warning : Please see src/huginn/core.cljs  ----[0m
[32mSuccessfully compiled "target/js/compiled/huginn.js" in 0.442 seconds.[0m
notifying browser that file changed:  target/js/compiled/dev/cljs_deps.js
notifying browser that file changed:  target/js/compiled/dev/huginn/core.js
[0mCompiling "target/js/compiled/huginn.js" from ["src"]...[0m
[36m----  Compiler Warning on   src/huginn/core.cljs   line:15  column:6  ----[0m

  [1mUse of undeclared Var huginn.core/p[0m

  [36m12[0m  [36m(defn -main [][0m
  [36m13[0m  [36m  (println "starting huginn")[0m
  [36m14[0m  [36m  (let [system (mqtt/system-function config/default-options)][0m
  [33m15[0m  [1m    (p)[0m
  [0m  [0m  [33m     ^--- Use of undeclared Var huginn.core/p[0m
  [36m16[0m  [36m    (while true)))[0m
  [36m17[0m  [36m[0m
  [36m18[0m  [36m[0m
  [36m19[0m  [36m(-main)[0m

[36m----  Compiler Warning : Please see src/huginn/core.cljs  ----[0m
[32mSuccessfully compiled "target/js/compiled/huginn.js" in 18.079 seconds.[0m
notifying browser that file changed:  target/js/compiled/dev/cljs_deps.js
notifying browser that file changed:  target/js/compiled/dev/huginn/core.js
[0mCompiling "target/js/compiled/huginn.js" from ["src"]...[0m
[32mSuccessfully compiled "target/js/compiled/huginn.js" in 0.31 seconds.[0m
notifying browser that file changed:  target/js/compiled/dev/cljs_deps.js
notifying browser that file changed:  target/js/compiled/dev/huginn/core.js
[0mCompiling "target/js/compiled/huginn.js" from ["src"]...[0m
npm WARN checkPermissions Missing write access to /home/fode/src/huginn/node_modules/fsevents
npm WARN grownome@ No repository field.
npm WARN grownome@ No license field.

npm ERR! path /home/fode/src/huginn/node_modules/fsevents
npm ERR! code ENOENT
npm ERR! errno -2
npm ERR! syscall access
npm ERR! enoent ENOENT: no such file or directory, access '/home/fode/src/huginn/node_modules/fsevents'
npm ERR! enoent This is related to npm not being able to find a file.
npm ERR! enoent 

npm ERR! A complete log of this run can be found in:
npm ERR!     /home/fode/.npm/_logs/2018-01-19T04_51_35_234Z-debug.log

[32mSuccessfully compiled "target/js/compiled/huginn.js" in 26.547 seconds.[0m
notifying browser that file changed:  target/js/compiled/dev/cljs_deps.js
notifying browser that file changed:  target/js/compiled/dev/huginn/core.js
[0mCompiling "target/js/compiled/huginn.js" from ["src"]...[0m
[32mSuccessfully compiled "target/js/compiled/huginn.js" in 0.503 seconds.[0m
notifying browser that file changed:  target/js/compiled/dev/cljs_deps.js
notifying browser that file changed:  target/js/compiled/dev/huginn/core.js
[0mCompiling "target/js/compiled/huginn.js" from ["src"]...[0m
[32mSuccessfully compiled "target/js/compiled/huginn.js" in 32.291 seconds.[0m
notifying browser that file changed:  target/js/compiled/dev/cljs_deps.js
notifying browser that file changed:  target/js/compiled/dev/huginn/core.js
[0mCompiling "target/js/compiled/huginn.js" from ["src"]...[0m
[32mSuccessfully compiled "target/js/compiled/huginn.js" in 0.337 seconds.[0m
notifying browser that file changed:  target/js/compiled/dev/cljs_deps.js
notifying browser that file changed:  target/js/compiled/dev/huginn/core.js
[0mCompiling "target/js/compiled/huginn.js" from ["src"]...[0m
[32mSuccessfully compiled "target/js/compiled/huginn.js" in 28.508 seconds.[0m
notifying browser that file changed:  target/js/compiled/dev/cljs_deps.js
notifying browser that file changed:  target/js/compiled/dev/huginn/core.js
[0mCompiling "target/js/compiled/huginn.js" from ["src"]...[0m
[36m----  Compiler Warning on   src/huginn/mqtt.cljs   line:134  column:12  ----[0m

  [1mUse of undeclared Var huginn.mqtt/debug[0m

  [36m130[0m  [36m    sleep (a/<! (a/timeout (:delayMs opts)))[0m
  [36m131[0m  [36m    topic (mqtt-topic opts "events")[0m
  [36m132[0m  [36m    qos #js {:qos 1}][0m
  [36m133[0m  [36m(debug "Preparing to send telemetry")[0m
  [33m134[0m  [1m(spy debug teles)[0m
  [0m   [0m  [33m     ^--- Use of undeclared Var huginn.mqtt/debug[0m
  [36m135[0m  [36m(a/onto-chan[0m
  [36m136[0m  [36m send[0m
  [36m137[0m  [36m (mapcat  (fn [t][0m
  [36m138[0m  [36m            (-> t[0m
  [36m139[0m  [36m                (assoc :topic topic)[0m

[36m----  Compiler Warning : Please see src/huginn/mqtt.cljs  ----[0m
[32mSuccessfully compiled "target/js/compiled/huginn.js" in 0.643 seconds.[0m
notifying browser that file changed:  target/js/compiled/dev/cljs_deps.js
notifying browser that file changed:  target/js/compiled/dev/huginn/mqtt.js
[0mCompiling "target/js/compiled/huginn.js" from ["src"]...[0m
[32mSuccessfully compiled "target/js/compiled/huginn.js" in 0.752 seconds.[0m
notifying browser that file changed:  target/js/compiled/dev/goog/deps.js
notifying browser that file changed:  target/js/compiled/dev/cljs_deps.js
notifying browser that file changed:  target/js/compiled/dev/huginn/mqtt.js
[0mCompiling "target/js/compiled/huginn.js" from ["src"]...[0m
[32mSuccessfully compiled "target/js/compiled/huginn.js" in 19.378 seconds.[0m
notifying browser that file changed:  target/js/compiled/dev/cljs_deps.js
notifying browser that file changed:  target/js/compiled/dev/huginn/mqtt.js
[0mCompiling "target/js/compiled/huginn.js" from ["src"]...[0m
[32mSuccessfully compiled "target/js/compiled/huginn.js" in 0.619 seconds.[0m
notifying browser that file changed:  target/js/compiled/dev/cljs_deps.js
notifying browser that file changed:  target/js/compiled/dev/huginn/mqtt.js
[0mCompiling "target/js/compiled/huginn.js" from ["src"]...[0m
[32mSuccessfully compiled "target/js/compiled/huginn.js" in 17.873 seconds.[0m
notifying browser that file changed:  target/js/compiled/dev/cljs_deps.js
notifying browser that file changed:  target/js/compiled/dev/huginn/mqtt.js
[0mCompiling "target/js/compiled/huginn.js" from ["src"]...[0m
[32mSuccessfully compiled "target/js/compiled/huginn.js" in 0.613 seconds.[0m
notifying browser that file changed:  target/js/compiled/dev/cljs_deps.js
notifying browser that file changed:  target/js/compiled/dev/huginn/mqtt.js
[0mCompiling "target/js/compiled/huginn.js" from ["src"]...[0m
[32mSuccessfully compiled "target/js/compiled/huginn.js" in 17.769 seconds.[0m
notifying browser that file changed:  target/js/compiled/dev/cljs_deps.js
notifying browser that file changed:  target/js/compiled/dev/huginn/mqtt.js
